<?xml version="1.0" encoding="UTF-8"?>
<!-- Generated by org.testng.reporters.JUnitReportReporter -->
<testsuite skipped="0" hostname="SZSIDDIQUI" name="com.cogmentoSuite.main.TestLogin" tests="1" failures="0" timestamp="20 Jan 2020 05:27:21 GMT" time="27.043" errors="0">
  <testcase name="loginTest" time="27.043" classname="com.cogmentoSuite.main.TestLogin"/>
</testsuite> <!-- com.cogmentoSuite.main.TestLogin -->
